run R21
[0]  device  time = 41447 
[1]  device  time = 9563 
run G23
[0]  device  time = 65386 
[1]  device  time = 38178 
[2]  device  time = 47735 
[3]  device  time = 27435 
[4]  device  time = 13895  
run WP
[0]  device  time = 26059 
[1]  device  time = 8362
[2]  device  time = 7553 
[3]  device  time = 5511 
run LJ
[0]  device  time = 34077 
[1]  device  time = 14261 
[2]  device  time = 8649 
[3]  device  time = 7958 
[4]  device  time = 4775 
run HW
[0]  device  time = 44447 
run R24
[0]  device  time = 27910 
[1]  device  time = 29287 
[2]  device  time = 27932 
[3]  device  time = 28832 
[4]  device  time = 28764 
[5]  device  time = 28586 
[6]  device  time = 28763 
[7]  device  time = 9303 
run G24
[0]  device  time = 41670 
[1]  device  time = 34823 
[2]  device  time = 22991 
[3]  device  time = 70233 
[4]  device  time = 60965 
[5]  device  time = 50004 
[6]  device  time = 36955 
[7]  device  time = 53989 
[8]  device  time = 18232 
run G25
[0]  device  time = 61721 
[1]  device  time = 47805 
[2]  device  time = 35369 
[3]  device  time = 72414 
[4]  device  time = 41656 
[5]  device  time = 37456 
[6]  device  time = 56847 
[7]  device  time = 35210 
[8]  device  time = 40858 
[9]  device  time = 36671 
[10]  device  time = 28058 
[11]  device  time = 39857 
[12]  device  time = 83669 
[13]  device  time = 67362 
[14]  device  time = 48491 
[15]  device  time = 82372 
[16]  device  time = 22341 
run TW
[0]  device  time = 47500 
[1]  device  time = 49565 
[2]  device  time = 48331 
[3]  device  time = 48383 
[4]  device  time = 51034 
[5]  device  time = 50524 
[6]  device  time = 49664 
[7]  device  time = 49468 
[8]  device  time = 49469 
[9]  device  time = 50899 
[10]  device  time = 51634 
[11]  device  time = 51531 
[12]  device  time = 50999 
[13]  device  time = 49709 
[14]  device  time = 49440 
[15]  device  time = 48492 
[16]  device  time = 48836 
[17]  device  time = 50384 
[18]  device  time = 59422 
[19]  device  time = 121336 
[20]  device  time = 294084 
[21]  device  time = 102812 
[22]  device  time = 90874 
[23]  device  time = 67943 
[24]  device  time = 50758 
[25]  device  time = 61108 
[26]  device  time = 50281 
[27]  device  time = 48622 
[28]  device  time = 49274 
[29]  device  time = 48720 
[30]  device  time = 48865 
[31]  device  time = 51291 
[32]  device  time = 50141 
[33]  device  time = 55156 
[34]  device  time = 50332 
[35]  device  time = 52790 
[36]  device  time = 67096 
[37]  device  time = 59362 
[38]  device  time = 42745 
run Friendster
[0]  device  time = 83807 
[1]  device  time = 85726 
[2]  device  time = 88989 
[3]  device  time = 105794 
[4]  device  time = 102848 
[5]  device  time = 98575 
[6]  device  time = 93385 
[7]  device  time = 88283 
[8]  device  time = 84660 
[9]  device  time = 80683 
[10]  device  time = 79787 
[11]  device  time = 79728 
[12]  device  time = 78803 
[13]  device  time = 77603 
[14]  device  time = 75906 
[15]  device  time = 72701 
[16]  device  time = 70195 
[17]  device  time = 69608 
[18]  device  time = 69458 
[19]  device  time = 69122 
[20]  device  time = 68753 
[21]  device  time = 68197 
[22]  device  time = 67374 
[23]  device  time = 66406 
[24]  device  time = 65568 
[25]  device  time = 64125 
[26]  device  time = 63060 
[27]  device  time = 62361 
[28]  device  time = 61239 
[29]  device  time = 60689 
[30]  device  time = 60227 
[31]  device  time = 59323 
[32]  device  time = 59155 
[33]  device  time = 58584 
[34]  device  time = 58268 
[35]  device  time = 57423 
[36]  device  time = 57132 
[37]  device  time = 56763 
[38]  device  time = 56252 
[39]  device  time = 55913 
[40]  device  time = 55897 
[41]  device  time = 55590 
[42]  device  time = 55339 
[43]  device  time = 55100 
[44]  device  time = 54937 
[45]  device  time = 54832 
[46]  device  time = 54497 
[47]  device  time = 54213 
[48]  device  time = 54073 
[49]  device  time = 53612 
[50]  device  time = 53355 
[51]  device  time = 52622 
[52]  device  time = 51025 
[53]  device  time = 28130 