yufeng@hacc-u250-2:~/gp_temp/fpga$ ./hw_single_gp.sh | tee PE_cost_model/hw_perf_backup.log 
run R21
load xclbin done
original num = 2097152
sub_partition_num = 4
 sp = 0  edge number = 14048848 sp = 1  edge number = 14058128 sp = 2  edge number = 14048368 sp = 3  edge number = 14058144
 sp = 0  edge number = 2655136 sp = 1  edge number = 2653264 sp = 2  edge number = 2655104 sp = 3  edge number = 2653280
         [0]  device  time = 41467 
         [1]  device  time = 9449 
         [0]  device MTEPS =   1356   1352   1357   1355  MTEPS 
         [1]  device MTEPS =   1112   1126   1126   1127  MTEPS 
run G23
load xclbin done
original num = 4606315
sub_partition_num = 4
 sp = 0  edge number = 22525264 sp = 1  edge number = 22525360 sp = 2  edge number = 22525328 sp = 3  edge number = 22525392
 sp = 0  edge number = 12964320 sp = 1  edge number = 12964320 sp = 2  edge number = 12964080 sp = 3  edge number = 12964320
 sp = 0  edge number = 16149360 sp = 1  edge number = 16149072 sp = 2  edge number = 16149360 sp = 3  edge number = 16149344
 sp = 0  edge number = 9019120 sp = 1  edge number = 9019120 sp = 2  edge number = 9019120 sp = 3  edge number = 9018960
 sp = 0  edge number = 3967552 sp = 1  edge number = 3967552 sp = 2  edge number = 3967488 sp = 3  edge number = 3967488
         [0]  device  time = 65364 
         [1]  device  time = 38142 
         [2]  device  time = 47791 
         [3]  device  time = 27462 
         [4]  device  time = 13881 
         [0]  device MTEPS =   1378   1378   1377   1378  MTEPS 
         [1]  device MTEPS =   1358   1359   1358   1360  MTEPS 
         [2]  device MTEPS =   1354   1354   1354   1343  MTEPS 
         [3]  device MTEPS =   1315   1314   1311   1312  MTEPS 
         [4]  device MTEPS =   1144   1146   1142   1138  MTEPS 
run HW
load xclbin done
original num = 1069127
sub_partition_num = 4
 sp = 0  edge number = 13965216 sp = 1  edge number = 13963536 sp = 2  edge number = 13963104 sp = 3  edge number = 13965360
         [0]  device  time = 44372 
         [0]  device MTEPS =   1260   1256   1258   1260  MTEPS 
run WP
load xclbin done
original num = 3566908
sub_partition_num = 4
 sp = 0  edge number = 8081248 sp = 1  edge number = 8077472 sp = 2  edge number = 8077456 sp = 3  edge number = 8077440
 sp = 0  edge number = 1641840 sp = 1  edge number = 1641840 sp = 2  edge number = 1641824 sp = 3  edge number = 1641808
 sp = 0  edge number = 1093584 sp = 1  edge number = 1093584 sp = 2  edge number = 1093584 sp = 3  edge number = 1093616
 sp = 0  edge number = 255680 sp = 1  edge number = 255680 sp = 2  edge number = 255680 sp = 3  edge number = 255680
         [0]  device  time = 26060 
         [1]  device  time = 8433 
         [2]  device  time = 7687 
         [3]  device  time = 5570 
         [0]  device MTEPS =   1245   1243   1227   1243  MTEPS 
         [1]  device MTEPS =    784    780    771    777  MTEPS 
         [2]  device MTEPS =    575    566    561    571  MTEPS 
         [3]  device MTEPS =    183    183    183    183  MTEPS 
run LJ
load xclbin done
original num = 4847571
sub_partition_num = 4
 sp = 0  edge number = 10111440 sp = 1  edge number = 10111440 sp = 2  edge number = 10111440 sp = 3  edge number = 10111440
 sp = 0  edge number = 3790816 sp = 1  edge number = 3790816 sp = 2  edge number = 3790816 sp = 3  edge number = 3790816
 sp = 0  edge number = 1810336 sp = 1  edge number = 1810336 sp = 2  edge number = 1810336 sp = 3  edge number = 1810336
 sp = 0  edge number = 943488 sp = 1  edge number = 943488 sp = 2  edge number = 940512 sp = 3  edge number = 940512
 sp = 0  edge number = 70720 sp = 1  edge number = 70720 sp = 2  edge number = 70720 sp = 3  edge number = 70720
         [0]  device  time = 34457 
         [1]  device  time = 14335 
         [2]  device  time = 8646 
         [3]  device  time = 7948 
         [4]  device  time = 4772 
         [0]  device MTEPS =   1169   1180   1170   1175  MTEPS 
         [1]  device MTEPS =   1050   1054   1064   1061  MTEPS 
         [2]  device MTEPS =    844    837    830    836  MTEPS 
         [3]  device MTEPS =    472    474    472    475  MTEPS 
         [4]  device MTEPS =     59     59     59     59  MTEPS 
run R24
load xclbin done
original num = 16777216
sub_partition_num = 4
 sp = 0  edge number = 9343024 sp = 1  edge number = 9343968 sp = 2  edge number = 9344000 sp = 3  edge number = 9344000
 sp = 0  edge number = 9698080 sp = 1  edge number = 9698080 sp = 2  edge number = 9698064 sp = 3  edge number = 9697056
 sp = 0  edge number = 9277952 sp = 1  edge number = 9277984 sp = 2  edge number = 9276992 sp = 3  edge number = 9277968
 sp = 0  edge number = 9435200 sp = 1  edge number = 9434160 sp = 2  edge number = 9435168 sp = 3  edge number = 9435200
 sp = 0  edge number = 9565568 sp = 1  edge number = 9565600 sp = 2  edge number = 9565568 sp = 3  edge number = 9564608
 sp = 0  edge number = 9473952 sp = 1  edge number = 9473904 sp = 2  edge number = 9472944 sp = 3  edge number = 9473952
 sp = 0  edge number = 9392048 sp = 1  edge number = 9392064 sp = 2  edge number = 9391072 sp = 3  edge number = 9392064
 sp = 0  edge number = 393904 sp = 1  edge number = 393904 sp = 2  edge number = 393904 sp = 3  edge number = 393872
         [0]  device  time = 28016 
         [1]  device  time = 29292 
         [2]  device  time = 27932 
         [3]  device  time = 28859 
         [4]  device  time = 28805 
         [5]  device  time = 28588 
         [6]  device  time = 28763 
         [7]  device  time = 9302 
         [0]  device MTEPS =   1336   1335   1328   1335  MTEPS 
         [1]  device MTEPS =   1323   1325   1324   1323  MTEPS 
         [2]  device MTEPS =   1328   1327   1328   1329  MTEPS 
         [3]  device MTEPS =   1306   1309   1307   1307  MTEPS 
         [4]  device MTEPS =   1325   1326   1330   1329  MTEPS 
         [5]  device MTEPS =   1325   1325   1324   1325  MTEPS 
         [6]  device MTEPS =   1306   1304   1306   1306  MTEPS 
         [7]  device MTEPS =    169    169    169    169  MTEPS 
run G24
load xclbin done
original num = 8860451
sub_partition_num = 4
 sp = 0  edge number = 13480832 sp = 1  edge number = 13480816 sp = 2  edge number = 13480720 sp = 3  edge number = 13480800
 sp = 0  edge number = 11575824 sp = 1  edge number = 11575808 sp = 2  edge number = 11575824 sp = 3  edge number = 11575824
 sp = 0  edge number = 6947440 sp = 1  edge number = 6947392 sp = 2  edge number = 6947440 sp = 3  edge number = 6942992
 sp = 0  edge number = 24297072 sp = 1  edge number = 24297280 sp = 2  edge number = 24286720 sp = 3  edge number = 24286720
 sp = 0  edge number = 20941712 sp = 1  edge number = 20941856 sp = 2  edge number = 20941888 sp = 3  edge number = 20926848
 sp = 0  edge number = 17082128 sp = 1  edge number = 17082112 sp = 2  edge number = 17082112 sp = 3  edge number = 17082112
 sp = 0  edge number = 12314880 sp = 1  edge number = 12314992 sp = 2  edge number = 12314976 sp = 3  edge number = 12305584
 sp = 0  edge number = 18616336 sp = 1  edge number = 18616464 sp = 2  edge number = 18602880 sp = 3  edge number = 18602880
 sp = 0  edge number = 4893824 sp = 1  edge number = 4893824 sp = 2  edge number = 4893824 sp = 3  edge number = 4893824
         [0]  device  time = 41671 
         [1]  device  time = 35049 
         [2]  device  time = 23259 
         [3]  device  time = 70389 
         [4]  device  time = 60967 
         [5]  device  time = 50024 
         [6]  device  time = 37076 
         [7]  device  time = 54078 
         [8]  device  time = 18518 
         [0]  device MTEPS =   1293   1293   1293   1294  MTEPS 
         [1]  device MTEPS =   1326   1325   1319   1312  MTEPS 
         [2]  device MTEPS =   1191   1195   1195   1195  MTEPS 
         [3]  device MTEPS =   1377   1377   1383   1382  MTEPS 
         [4]  device MTEPS =   1373   1373   1374   1372  MTEPS 
         [5]  device MTEPS =   1366   1365   1365   1366  MTEPS 
         [6]  device MTEPS =   1328   1328   1327   1327  MTEPS 
         [7]  device MTEPS =   1375   1377   1375   1376  MTEPS 
         [8]  device MTEPS =   1076   1011   1072   1069  MTEPS 
run G25
load xclbin done
original num = 17043781
sub_partition_num = 4
 sp = 0  edge number = 19863200 sp = 1  edge number = 19863184 sp = 2  edge number = 19863120 sp = 3  edge number = 19863200
 sp = 0  edge number = 15344736 sp = 1  edge number = 15344736 sp = 2  edge number = 15344736 sp = 3  edge number = 15344800
 sp = 0  edge number = 9994128 sp = 1  edge number = 9994128 sp = 2  edge number = 9994160 sp = 3  edge number = 9994160
 sp = 0  edge number = 24844064 sp = 1  edge number = 24844064 sp = 2  edge number = 24844064 sp = 3  edge number = 24844064
 sp = 0  edge number = 12897648 sp = 1  edge number = 12897648 sp = 2  edge number = 12897616 sp = 3  edge number = 12897648
 sp = 0  edge number = 10773824 sp = 1  edge number = 10773824 sp = 2  edge number = 10773824 sp = 3  edge number = 10773824
 sp = 0  edge number = 19032672 sp = 1  edge number = 19032720 sp = 2  edge number = 19032720 sp = 3  edge number = 19032720
 sp = 0  edge number = 9781088 sp = 1  edge number = 9781088 sp = 2  edge number = 9781056 sp = 3  edge number = 9781088
 sp = 0  edge number = 12537840 sp = 1  edge number = 12537872 sp = 2  edge number = 12537840 sp = 3  edge number = 12537872
 sp = 0  edge number = 10441840 sp = 1  edge number = 10441840 sp = 2  edge number = 10441824 sp = 3  edge number = 10441840
 sp = 0  edge number = 6395984 sp = 1  edge number = 6395984 sp = 2  edge number = 6396000 sp = 3  edge number = 6396000
 sp = 0  edge number = 11525808 sp = 1  edge number = 11525792 sp = 2  edge number = 11525792 sp = 3  edge number = 11525808
 sp = 0  edge number = 29012736 sp = 1  edge number = 29012736 sp = 2  edge number = 29012720 sp = 3  edge number = 29012720
 sp = 0  edge number = 22474320 sp = 1  edge number = 22474384 sp = 2  edge number = 22474304 sp = 3  edge number = 22474320
 sp = 0  edge number = 15620960 sp = 1  edge number = 15620960 sp = 2  edge number = 15620896 sp = 3  edge number = 15620960
 sp = 0  edge number = 28196000 sp = 1  edge number = 28196096 sp = 2  edge number = 28196000 sp = 3  edge number = 28196000
 sp = 0  edge number = 2997232 sp = 1  edge number = 2997232 sp = 2  edge number = 2997232 sp = 3  edge number = 2997232
         [0]  device  time = 61762 
         [1]  device  time = 47809 
         [2]  device  time = 35465 
         [3]  device  time = 72419 
         [4]  device  time = 41651 
         [5]  device  time = 37460 
         [6]  device  time = 57154 
         [7]  device  time = 35341 
         [8]  device  time = 40861 
         [9]  device  time = 36670 
         [10]  device  time = 28057 
         [11]  device  time = 39985 
         [12]  device  time = 83663 
         [13]  device  time = 67421 
         [14]  device  time = 48504 
         [15]  device  time = 82375 
         [16]  device  time = 22327 
         [0]  device MTEPS =   1288   1285   1285   1285  MTEPS 
         [1]  device MTEPS =   1286   1281   1282   1285  MTEPS 
         [2]  device MTEPS =   1132   1126   1125   1124  MTEPS 
         [3]  device MTEPS =   1372   1373   1370   1371  MTEPS 
         [4]  device MTEPS =   1237   1241   1234   1240  MTEPS 
         [5]  device MTEPS =   1148   1153   1152   1146  MTEPS 
         [6]  device MTEPS =   1333   1332   1327   1334  MTEPS 
         [7]  device MTEPS =   1127   1115   1060   1127  MTEPS 
         [8]  device MTEPS =   1227   1229   1225   1226  MTEPS 
         [9]  device MTEPS =   1138   1138   1138   1140  MTEPS 
         [10]  device MTEPS =    912    913    905    915  MTEPS 
         [11]  device MTEPS =   1144   1151   1153   1161  MTEPS 
         [12]  device MTEPS =   1389   1386   1386   1385  MTEPS 
         [13]  device MTEPS =   1333   1333   1334   1331  MTEPS 
         [14]  device MTEPS =   1286   1291   1288   1285  MTEPS 
         [15]  device MTEPS =   1369   1369   1367   1370  MTEPS 
         [16]  device MTEPS =    538    535    537    535  MTEPS 
run TW
load xclbin done
original num = 41652230
sub_partition_num = 4
 sp = 0  edge number = 3591504 sp = 1  edge number = 3583424 sp = 2  edge number = 3690976 sp = 3  edge number = 3604272
 sp = 0  edge number = 4282752 sp = 1  edge number = 4411424 sp = 2  edge number = 4284560 sp = 3  edge number = 4282752
 sp = 0  edge number = 3859072 sp = 1  edge number = 3856800 sp = 2  edge number = 3991568 sp = 3  edge number = 3862640
 sp = 0  edge number = 4055664 sp = 1  edge number = 4299008 sp = 2  edge number = 4107952 sp = 3  edge number = 4089520
 sp = 0  edge number = 5169456 sp = 1  edge number = 5110656 sp = 2  edge number = 5034240 sp = 3  edge number = 5533424
 sp = 0  edge number = 4912880 sp = 1  edge number = 4819776 sp = 2  edge number = 5396240 sp = 3  edge number = 4978208
 sp = 0  edge number = 4594032 sp = 1  edge number = 4508928 sp = 2  edge number = 5056272 sp = 3  edge number = 4654272
 sp = 0  edge number = 4515184 sp = 1  edge number = 5009344 sp = 2  edge number = 4646528 sp = 3  edge number = 4580128
 sp = 0  edge number = 4607808 sp = 1  edge number = 4562464 sp = 2  edge number = 5011072 sp = 3  edge number = 4660352
 sp = 0  edge number = 5259008 sp = 1  edge number = 5226848 sp = 2  edge number = 5188992 sp = 3  edge number = 5598048
 sp = 0  edge number = 5513008 sp = 1  edge number = 5479168 sp = 2  edge number = 5444320 sp = 3  edge number = 5833184
 sp = 0  edge number = 5740464 sp = 1  edge number = 5435808 sp = 2  edge number = 5407200 sp = 3  edge number = 5372944
 sp = 0  edge number = 5549232 sp = 1  edge number = 5296352 sp = 2  edge number = 5273168 sp = 3  edge number = 5265696
 sp = 0  edge number = 4690224 sp = 1  edge number = 4920448 sp = 2  edge number = 4703312 sp = 3  edge number = 4690224
 sp = 0  edge number = 4681856 sp = 1  edge number = 4513040 sp = 2  edge number = 4510448 sp = 3  edge number = 4510448
 sp = 0  edge number = 4143408 sp = 1  edge number = 4143408 sp = 2  edge number = 4143408 sp = 3  edge number = 4298336
 sp = 0  edge number = 4313280 sp = 1  edge number = 4313280 sp = 2  edge number = 4313280 sp = 3  edge number = 4452256
 sp = 0  edge number = 5033408 sp = 1  edge number = 4923808 sp = 2  edge number = 4921328 sp = 3  edge number = 4921328
 sp = 0  edge number = 8641632 sp = 1  edge number = 8641632 sp = 2  edge number = 8641632 sp = 3  edge number = 8654176
 sp = 0  edge number = 31823312 sp = 1  edge number = 31823312 sp = 2  edge number = 31823312 sp = 3  edge number = 31823312
 sp = 0  edge number = 94171984 sp = 1  edge number = 94051024 sp = 2  edge number = 94051024 sp = 3  edge number = 94051024
 sp = 0  edge number = 25408336 sp = 1  edge number = 24763968 sp = 2  edge number = 24763968 sp = 3  edge number = 24763968
 sp = 0  edge number = 19605792 sp = 1  edge number = 19357408 sp = 2  edge number = 19149424 sp = 3  edge number = 20813104
 sp = 0  edge number = 11548800 sp = 1  edge number = 11548800 sp = 2  edge number = 11701120 sp = 3  edge number = 11701120
 sp = 0  edge number = 5029696 sp = 1  edge number = 4952608 sp = 2  edge number = 4959808 sp = 3  edge number = 5045152
 sp = 0  edge number = 8606464 sp = 1  edge number = 8586224 sp = 2  edge number = 8621216 sp = 3  edge number = 8621216
 sp = 0  edge number = 4909216 sp = 1  edge number = 4894992 sp = 2  edge number = 4936336 sp = 3  edge number = 4909216
 sp = 0  edge number = 4263264 sp = 1  edge number = 4375616 sp = 2  edge number = 4259776 sp = 3  edge number = 4259776
 sp = 0  edge number = 4631216 sp = 1  edge number = 4510976 sp = 2  edge number = 4510976 sp = 3  edge number = 4631216
 sp = 0  edge number = 4313568 sp = 1  edge number = 4313568 sp = 2  edge number = 4447248 sp = 3  edge number = 4313568
 sp = 0  edge number = 4487200 sp = 1  edge number = 4487200 sp = 2  edge number = 4597776 sp = 3  edge number = 4487200
 sp = 0  edge number = 5419312 sp = 1  edge number = 5419312 sp = 2  edge number = 5419312 sp = 3  edge number = 5484272
 sp = 0  edge number = 5100448 sp = 1  edge number = 4871136 sp = 2  edge number = 4839888 sp = 3  edge number = 4839888
 sp = 0  edge number = 7118608 sp = 1  edge number = 7031456 sp = 2  edge number = 7031456 sp = 3  edge number = 7031456
 sp = 0  edge number = 5025856 sp = 1  edge number = 4934032 sp = 2  edge number = 4935552 sp = 3  edge number = 4934032
 sp = 0  edge number = 5905696 sp = 1  edge number = 5905696 sp = 2  edge number = 5849360 sp = 3  edge number = 5934048
 sp = 0  edge number = 11311424 sp = 1  edge number = 11311424 sp = 2  edge number = 11311424 sp = 3  edge number = 11311424
 sp = 0  edge number = 8615968 sp = 1  edge number = 8583088 sp = 2  edge number = 8583088 sp = 3  edge number = 8583088
 sp = 0  edge number = 1583328 sp = 1  edge number = 1570608 sp = 2  edge number = 1570608 sp = 3  edge number = 1588976
         [0]  device  time = 47462 
         [1]  device  time = 49609 
         [2]  device  time = 48289 
         [3]  device  time = 48390 
         [4]  device  time = 51041 
         [5]  device  time = 50579 
         [6]  device  time = 49702 
         [7]  device  time = 49470 
         [8]  device  time = 49421 
         [9]  device  time = 50896 
         [10]  device  time = 51771 
         [11]  device  time = 51516 
         [12]  device  time = 51002 
         [13]  device  time = 49521 
         [14]  device  time = 49119 
         [15]  device  time = 48302 
         [16]  device  time = 48603 
         [17]  device  time = 50180 
         [18]  device  time = 59542 
         [19]  device  time = 121312 
         [20]  device  time = 294113 
         [21]  device  time = 102812 
         [22]  device  time = 90845 
         [23]  device  time = 67850 
         [24]  device  time = 50554 
         [25]  device  time = 60848 
         [26]  device  time = 50187 
         [27]  device  time = 48445 
         [28]  device  time = 49300 
         [29]  device  time = 48632 
         [30]  device  time = 48859 
         [31]  device  time = 51287 
         [32]  device  time = 49866 
         [33]  device  time = 55203 
         [34]  device  time = 50267 
         [35]  device  time = 52629 
         [36]  device  time = 67069 
         [37]  device  time = 59473 
         [38]  device  time = 42850 
         [0]  device MTEPS =    303    302    309    304  MTEPS 
         [1]  device MTEPS =    343    354    346    346  MTEPS 
         [2]  device MTEPS =    320    319    329    319  MTEPS 
         [3]  device MTEPS =    335    352    341    339  MTEPS 
         [4]  device MTEPS =    406    402    399    425  MTEPS 
         [5]  device MTEPS =    389    386    418    394  MTEPS 
         [6]  device MTEPS =    371    367    399    374  MTEPS 
         [7]  device MTEPS =    368    396    377    372  MTEPS 
         [8]  device MTEPS =    375    372    399    377  MTEPS 
         [9]  device MTEPS =    413    413    412    432  MTEPS 
         [10]  device MTEPS =    426    425    422    445  MTEPS 
         [11]  device MTEPS =    440    422    422    419  MTEPS 
         [12]  device MTEPS =    430    416    414    414  MTEPS 
         [13]  device MTEPS =    380    394    380    379  MTEPS 
         [14]  device MTEPS =    377    368    369    368  MTEPS 
         [15]  device MTEPS =    343    344    342    354  MTEPS 
         [16]  device MTEPS =    355    355    356    363  MTEPS 
         [17]  device MTEPS =    398    394    392    392  MTEPS 
         [18]  device MTEPS =    581    580    579    581  MTEPS 
         [19]  device MTEPS =   1050   1049   1050   1047  MTEPS 
         [20]  device MTEPS =   1280   1278   1279   1280  MTEPS 
         [21]  device MTEPS =    976    966    966    968  MTEPS 
         [22]  device MTEPS =    865    861    859    887  MTEPS 
         [23]  device MTEPS =    683    680    688    688  MTEPS 
         [24]  device MTEPS =    396    393    392    398  MTEPS 
         [25]  device MTEPS =    567    563    568    565  MTEPS 
         [26]  device MTEPS =    391    390    393    390  MTEPS 
         [27]  device MTEPS =    352    359    351    352  MTEPS 
         [28]  device MTEPS =    374    367    367    373  MTEPS 
         [29]  device MTEPS =    355    355    363    355  MTEPS 
         [30]  device MTEPS =    367    368    374    368  MTEPS 
         [31]  device MTEPS =    422    423    422    426  MTEPS 
         [32]  device MTEPS =    405    392    389    389  MTEPS 
         [33]  device MTEPS =    513    508    508    512  MTEPS 
         [34]  device MTEPS =    398    393    393    392  MTEPS 
         [35]  device MTEPS =    448    448    445    450  MTEPS 
         [36]  device MTEPS =    669    676    676    675  MTEPS 
         [37]  device MTEPS =    577    578    577    577  MTEPS 
         [38]  device MTEPS =    147    146    146    148  MTEPS 
run Friendster
load xclbin done
original num = 68349467
sub_partition_num = 4
 sp = 0  edge number = 12560656 sp = 1  edge number = 12560656 sp = 2  edge number = 12560656 sp = 3  edge number = 12560656
 sp = 0  edge number = 14066864 sp = 1  edge number = 14066864 sp = 2  edge number = 14066864 sp = 3  edge number = 14066864
 sp = 0  edge number = 15764480 sp = 1  edge number = 15764480 sp = 2  edge number = 15764480 sp = 3  edge number = 15764480
 sp = 0  edge number = 21927728 sp = 1  edge number = 21927728 sp = 2  edge number = 21927728 sp = 3  edge number = 21927728
 sp = 0  edge number = 22164864 sp = 1  edge number = 22164864 sp = 2  edge number = 22164864 sp = 3  edge number = 22164864
 sp = 0  edge number = 21281888 sp = 1  edge number = 21281888 sp = 2  edge number = 21281888 sp = 3  edge number = 21281888
 sp = 0  edge number = 19773648 sp = 1  edge number = 19773648 sp = 2  edge number = 19773648 sp = 3  edge number = 19773648
 sp = 0  edge number = 18021504 sp = 1  edge number = 18021504 sp = 2  edge number = 18021504 sp = 3  edge number = 18021504
 sp = 0  edge number = 16713520 sp = 1  edge number = 16713520 sp = 2  edge number = 16713520 sp = 3  edge number = 16713520
 sp = 0  edge number = 15108496 sp = 1  edge number = 15108496 sp = 2  edge number = 15108496 sp = 3  edge number = 15108496
 sp = 0  edge number = 15010352 sp = 1  edge number = 15010352 sp = 2  edge number = 15010352 sp = 3  edge number = 15010352
 sp = 0  edge number = 15513744 sp = 1  edge number = 15513744 sp = 2  edge number = 15513744 sp = 3  edge number = 15513744
 sp = 0  edge number = 15607536 sp = 1  edge number = 15607536 sp = 2  edge number = 15607536 sp = 3  edge number = 15607536
 sp = 0  edge number = 15490512 sp = 1  edge number = 15490512 sp = 2  edge number = 15490512 sp = 3  edge number = 15490512
 sp = 0  edge number = 14892048 sp = 1  edge number = 14892048 sp = 2  edge number = 14892048 sp = 3  edge number = 14892048
 sp = 0  edge number = 12996656 sp = 1  edge number = 12996656 sp = 2  edge number = 12996656 sp = 3  edge number = 12996656
 sp = 0  edge number = 10979232 sp = 1  edge number = 10979232 sp = 2  edge number = 10979232 sp = 3  edge number = 10979232
 sp = 0  edge number = 9935344 sp = 1  edge number = 9935344 sp = 2  edge number = 9935344 sp = 3  edge number = 9935344
 sp = 0  edge number = 9469664 sp = 1  edge number = 9469664 sp = 2  edge number = 9469648 sp = 3  edge number = 9469648
 sp = 0  edge number = 8896528 sp = 1  edge number = 8896528 sp = 2  edge number = 8896512 sp = 3  edge number = 8896512
 sp = 0  edge number = 8801376 sp = 1  edge number = 8801376 sp = 2  edge number = 8801376 sp = 3  edge number = 8801376
 sp = 0  edge number = 8453008 sp = 1  edge number = 8453008 sp = 2  edge number = 8453008 sp = 3  edge number = 8453008
 sp = 0  edge number = 7102912 sp = 1  edge number = 7102912 sp = 2  edge number = 7102912 sp = 3  edge number = 7102912
 sp = 0  edge number = 6303680 sp = 1  edge number = 6303680 sp = 2  edge number = 6303680 sp = 3  edge number = 6303680
 sp = 0  edge number = 5660832 sp = 1  edge number = 5660832 sp = 2  edge number = 5660832 sp = 3  edge number = 5660832
 sp = 0  edge number = 4488032 sp = 1  edge number = 4488032 sp = 2  edge number = 4488032 sp = 3  edge number = 4488032
 sp = 0  edge number = 4073712 sp = 1  edge number = 4073712 sp = 2  edge number = 4073712 sp = 3  edge number = 4073712
 sp = 0  edge number = 3787536 sp = 1  edge number = 3787536 sp = 2  edge number = 3787536 sp = 3  edge number = 3787536
 sp = 0  edge number = 3361456 sp = 1  edge number = 3361456 sp = 2  edge number = 3361456 sp = 3  edge number = 3361456
 sp = 0  edge number = 3132048 sp = 1  edge number = 3132048 sp = 2  edge number = 3132048 sp = 3  edge number = 3132048
 sp = 0  edge number = 2928944 sp = 1  edge number = 2928944 sp = 2  edge number = 2928944 sp = 3  edge number = 2928944
 sp = 0  edge number = 2553536 sp = 1  edge number = 2553536 sp = 2  edge number = 2553536 sp = 3  edge number = 2553536
 sp = 0  edge number = 2509680 sp = 1  edge number = 2509680 sp = 2  edge number = 2509680 sp = 3  edge number = 2509680
 sp = 0  edge number = 2251808 sp = 1  edge number = 2251808 sp = 2  edge number = 2251808 sp = 3  edge number = 2251808
 sp = 0  edge number = 2050672 sp = 1  edge number = 2050672 sp = 2  edge number = 2050672 sp = 3  edge number = 2050672
 sp = 0  edge number = 1755008 sp = 1  edge number = 1755008 sp = 2  edge number = 1755008 sp = 3  edge number = 1755008
 sp = 0  edge number = 1661520 sp = 1  edge number = 1661520 sp = 2  edge number = 1661520 sp = 3  edge number = 1661520
 sp = 0  edge number = 1495968 sp = 1  edge number = 1495968 sp = 2  edge number = 1495968 sp = 3  edge number = 1495968
 sp = 0  edge number = 1287632 sp = 1  edge number = 1287632 sp = 2  edge number = 1287632 sp = 3  edge number = 1287632
 sp = 0  edge number = 1133984 sp = 1  edge number = 1133984 sp = 2  edge number = 1133984 sp = 3  edge number = 1133984
 sp = 0  edge number = 1086768 sp = 1  edge number = 1086752 sp = 2  edge number = 1086896 sp = 3  edge number = 1086896
 sp = 0  edge number = 958928 sp = 1  edge number = 958928 sp = 2  edge number = 958928 sp = 3  edge number = 958928
 sp = 0  edge number = 864816 sp = 1  edge number = 864816 sp = 2  edge number = 864816 sp = 3  edge number = 864816
 sp = 0  edge number = 786080 sp = 1  edge number = 785568 sp = 2  edge number = 785456 sp = 3  edge number = 785456
 sp = 0  edge number = 725520 sp = 1  edge number = 725520 sp = 2  edge number = 725520 sp = 3  edge number = 725520
 sp = 0  edge number = 669504 sp = 1  edge number = 668432 sp = 2  edge number = 668848 sp = 3  edge number = 669456
 sp = 0  edge number = 575360 sp = 1  edge number = 575360 sp = 2  edge number = 575360 sp = 3  edge number = 575344
 sp = 0  edge number = 540784 sp = 1  edge number = 540784 sp = 2  edge number = 540784 sp = 3  edge number = 539312
 sp = 0  edge number = 536928 sp = 1  edge number = 536928 sp = 2  edge number = 536928 sp = 3  edge number = 536928
 sp = 0  edge number = 381328 sp = 1  edge number = 381328 sp = 2  edge number = 381328 sp = 3  edge number = 381328
 sp = 0  edge number = 336144 sp = 1  edge number = 335392 sp = 2  edge number = 335392 sp = 3  edge number = 335392
 sp = 0  edge number = 275296 sp = 1  edge number = 275056 sp = 2  edge number = 275040 sp = 3  edge number = 275040
 sp = 0  edge number = 196304 sp = 1  edge number = 196304 sp = 2  edge number = 197008 sp = 3  edge number = 196304
 sp = 0  edge number = 71360 sp = 1  edge number = 71328 sp = 2  edge number = 71328 sp = 3  edge number = 71328
         [0]  device  time = 83610 
         [1]  device  time = 85636 
         [2]  device  time = 88912 
         [3]  device  time = 105841 
         [4]  device  time = 102956 
         [5]  device  time = 98629 
         [6]  device  time = 93422 
         [7]  device  time = 88337 
         [8]  device  time = 84686 
         [9]  device  time = 80721 
         [10]  device  time = 79843 
         [11]  device  time = 79853 
         [12]  device  time = 78889 
         [13]  device  time = 77768 
         [14]  device  time = 76079 
         [15]  device  time = 72662 
         [16]  device  time = 70244 
         [17]  device  time = 69698 
         [18]  device  time = 69459 
         [19]  device  time = 69107 
         [20]  device  time = 68766 
         [21]  device  time = 68217 
         [22]  device  time = 67321 
         [23]  device  time = 66426 
         [24]  device  time = 65567 
         [25]  device  time = 64149 
         [26]  device  time = 63069 
         [27]  device  time = 62339 
         [28]  device  time = 61259 
         [29]  device  time = 60742 
         [30]  device  time = 60181 
         [31]  device  time = 59376 
         [32]  device  time = 59164 
         [33]  device  time = 58656 
         [34]  device  time = 58204 
         [35]  device  time = 57432 
         [36]  device  time = 57203 
         [37]  device  time = 56844 
         [38]  device  time = 56331 
         [39]  device  time = 55988 
         [40]  device  time = 55962 
         [41]  device  time = 55063 
         [42]  device  time = 55350 
         [43]  device  time = 55101 
         [44]  device  time = 54954 
         [45]  device  time = 54823 
         [46]  device  time = 54505 
         [47]  device  time = 54702 
         [48]  device  time = 54072 
         [49]  device  time = 53065 
         [50]  device  time = 53542 
         [51]  device  time = 52649 
         [52]  device  time = 51027 
         [53]  device  time = 28135 
         [0]  device MTEPS =    601    601    600    600  MTEPS 
         [1]  device MTEPS =    655    658    658    656  MTEPS 
         [2]  device MTEPS =    709    709    710    707  MTEPS 
         [3]  device MTEPS =    827    826    830    829  MTEPS 
         [4]  device MTEPS =    860    861    861    861  MTEPS 
         [5]  device MTEPS =    862    862    864    862  MTEPS 
         [6]  device MTEPS =    846    845    847    846  MTEPS 
         [7]  device MTEPS =    816    816    815    816  MTEPS 
         [8]  device MTEPS =    790    788    790    788  MTEPS 
         [9]  device MTEPS =    747    748    749    748  MTEPS 
         [10]  device MTEPS =    752    752    751    751  MTEPS 
         [11]  device MTEPS =    777    777    776    776  MTEPS 
         [12]  device MTEPS =    791    791    790    791  MTEPS 
         [13]  device MTEPS =    794    797    797    797  MTEPS 
         [14]  device MTEPS =    782    781    783    784  MTEPS 
         [15]  device MTEPS =    711    717    715    716  MTEPS 
         [16]  device MTEPS =    625    624    626    624  MTEPS 
         [17]  device MTEPS =    571    568    570    569  MTEPS 
         [18]  device MTEPS =    545    545    545    545  MTEPS 
         [19]  device MTEPS =    514    515    514    515  MTEPS 
         [20]  device MTEPS =    512    511    511    511  MTEPS 
         [21]  device MTEPS =    495    496    496    494  MTEPS 
         [22]  device MTEPS =    422    421    422    421  MTEPS 
         [23]  device MTEPS =    379    379    379    379  MTEPS 
         [24]  device MTEPS =    345    345    345    345  MTEPS 
         [25]  device MTEPS =    279    280    279    279  MTEPS 
         [26]  device MTEPS =    258    258    258    258  MTEPS 
         [27]  device MTEPS =    242    242    242    244  MTEPS 
         [28]  device MTEPS =    219    219    219    219  MTEPS 
         [29]  device MTEPS =    206    206    206    206  MTEPS 
         [30]  device MTEPS =    194    194    194    194  MTEPS 
         [31]  device MTEPS =    172    172    171    172  MTEPS 
         [32]  device MTEPS =    169    169    169    169  MTEPS 
         [33]  device MTEPS =    153    153    153    153  MTEPS 
         [34]  device MTEPS =    140    140    140    140  MTEPS 
         [35]  device MTEPS =    122    122    122    122  MTEPS 
         [36]  device MTEPS =    116    116    116    116  MTEPS 
         [37]  device MTEPS =    105    105    105    105  MTEPS 
         [38]  device MTEPS =     91     91     91     91  MTEPS 
         [39]  device MTEPS =     80     81     81     80  MTEPS 
         [40]  device MTEPS =     77     77     77     77  MTEPS 
         [41]  device MTEPS =     71     71     68     66  MTEPS 
         [42]  device MTEPS =     62     62     62     62  MTEPS 
         [43]  device MTEPS =     57     57     57     56  MTEPS 
         [44]  device MTEPS =     52     52     52     52  MTEPS 
         [45]  device MTEPS =     48     48     48     48  MTEPS 
         [46]  device MTEPS =     42     42     42     42  MTEPS 
         [47]  device MTEPS =     39     38     39     39  MTEPS 
         [48]  device MTEPS =     39     39     39     39  MTEPS 
         [49]  device MTEPS =     28     28     28     29  MTEPS 
         [50]  device MTEPS =     25     25     25     25  MTEPS 
         [51]  device MTEPS =     20     20     20     20  MTEPS 
         [52]  device MTEPS =     15     15     15     15  MTEPS 
         [53]  device MTEPS =     10     10     10     10  MTEPS 
yufeng@hacc-u250-2:~/gp_temp/fpga$ 

