run  R21
[0]  device  time =  42264
[1]  device  time =  9856
run  G23
[0]  device  time =  66351
[1]  device  time =  39168
[2]  device  time =  48223
[3]  device  time =  27951
[4]  device  time =  13589
run  HW
[0]  device  time =  42011
run  WP
[0]  device  time =  25277
[1]  device  time =  6977
[2]  device  time =  5419
[3]  device  time =  4261
run  LJ
[0]  device  time =  31057
[1]  device  time =  13087
[2]  device  time =  7456
[3]  device  time =  6165
[4]  device  time =  3597
run  R24
[0]  device  time =  28875
[1]  device  time =  29881
[2]  device  time =  28687
[3]  device  time =  29134
[4]  device  time =  29505
[5]  device  time =  29244
[6]  device  time =  29011
[7]  device  time =  8351
run  G24
[0]  device  time =  40636
[1]  device  time =  35220
[2]  device  time =  22058
[3]  device  time =  71373
[4]  device  time =  61838
[5]  device  time =  50875
[6]  device  time =  37315
[7]  device  time =  55218
[8]  device  time =  16223
run  G25
[0]  device  time =  58782
[1]  device  time =  45936
[2]  device  time =  30724
[3]  device  time =  72943
[4]  device  time =  38978
[5]  device  time =  32940
[6]  device  time =  56421
[7]  device  time =  30118
[8]  device  time =  37956
[9]  device  time =  31996
[10]  device  time =  27277
[11]  device  time =  35078
[12]  device  time =  84795
[13]  device  time =  66206
[14]  device  time =  46721
[15]  device  time =  82473
[16]  device  time =  21975
run  TW
[0]  device  time =  45671
[1]  device  time =  46758
[2]  device  time =  46092
[3]  device  time =  46483
[4]  device  time =  48153
[5]  device  time =  47874
[6]  device  time =  47351
[7]  device  time =  47329
[8]  device  time =  47361
[9]  device  time =  48315
[10]  device  time =  48711
[11]  device  time =  48588
[12]  device  time =  48371
[13]  device  time =  47441
[14]  device  time =  47129
[15]  device  time =  46541
[16]  device  time =  46808
[17]  device  time =  47752
[18]  device  time =  53529
[19]  device  time =  92786
[20]  device  time =  269790
[21]  device  time =  73173
[22]  device  time =  70842
[23]  device  time =  58189
[24]  device  time =  47826
[25]  device  time =  53473
[26]  device  time =  47685
[27]  device  time =  46726
[28]  device  time =  47160
[29]  device  time =  46806
[30]  device  time =  47068
[31]  device  time =  48516
[32]  device  time =  47702
[33]  device  time =  51047
[34]  device  time =  47766
[35]  device  time =  49230
[36]  device  time =  57710
[37]  device  time =  53454
[38]  device  time =  42390
run  Friendster
[0]  device  time =  72509
[1]  device  time =  76493
[2]  device  time =  79499
[3]  device  time =  89729
[4]  device  time =  90223
[5]  device  time =  88919
[6]  device  time =  86600
[7]  device  time =  83906
[8]  device  time =  81851
[9]  device  time =  79369
[10]  device  time =  79218
[11]  device  time =  79958
[12]  device  time =  80110
[13]  device  time =  79931
[14]  device  time =  78989
[15]  device  time =  76028
[16]  device  time =  72910
[17]  device  time =  71259
[18]  device  time =  70544
[19]  device  time =  69642
[20]  device  time =  69483
[21]  device  time =  68912
[22]  device  time =  66844
[23]  device  time =  65558
[24]  device  time =  64581
[25]  device  time =  62736
[26]  device  time =  62101
[27]  device  time =  61610
[28]  device  time =  60887
[29]  device  time =  60518
[30]  device  time =  60150
[31]  device  time =  59548
[32]  device  time =  59435
[33]  device  time =  58984
[34]  device  time =  58698
[35]  device  time =  58109
[36]  device  time =  57960
[37]  device  time =  57672
[38]  device  time =  57269
[39]  device  time =  56972
[40]  device  time =  56872
[41]  device  time =  56622
[42]  device  time =  56392
[43]  device  time =  56174
[44]  device  time =  55999
[45]  device  time =  55826
[46]  device  time =  55564
[47]  device  time =  55018
[48]  device  time =  54965
[49]  device  time =  54634
[50]  device  time =  54345
[51]  device  time =  53546
[52]  device  time =  51818
[53]  device  time =  27872
